# JRE version: Java(TM) SE Runtime Environment (18.0+36) (build 18+36-2087)
# Java VM: Java HotSpot(TM) 64-Bit Server VM (18+36-2087, mixed mode, sharing, tiered, compressed oops, compressed class ptrs, g1 gc, windows-amd64)
GC Precious Log:
 CardTable entry size: 512
 Card Set container configuration: InlinePtr #cards 5 size 8 Array Of Cards #cards 12 size 40 Howl #buckets 4 coarsen threshold 1843 Howl Bitmap #cards 512 size 80 coarsen threshold 460 Card regions per heap region 1 cards per card region 2048
 CPUs: 4 total, 4 available
 Memory: 8071M
 Large Page Support: Disabled
 NUMA Support: Disabled
 Compressed Oops: Enabled (32-bit)
 Heap Region Size: 1M
 Heap Min Capacity: 8M
 Heap Initial Capacity: 128M
 Heap Max Capacity: 2018M
 Pre-touch: Disabled
 Parallel Workers: 4
 Concurrent Workers: 1
 Concurrent Refinement Workers: 4
 Periodic GC: Disabled
Heap:
 garbage-first heap   total 63488K, used 21310K [0x0000000081e00000, 0x0000000100000000)
  region size 1024K, 10 young (10240K), 2 survivors (2048K)
 Metaspace       used 29785K, committed 30400K, reserved 1114112K
  class space    used 3688K, committed 3968K, reserved 1048576K
GC Heap History (14 events):
Event: 0.548 GC heap before
{Heap before GC invocations=0 (full 0):
 garbage-first heap   total 131072K, used 12288K [0x0000000081e00000, 0x0000000100000000)
  region size 1024K, 13 young (13312K), 0 survivors (0K)
 Metaspace       used 4246K, committed 4480K, reserved 1114112K
  class space    used 465K, committed 576K, reserved 1048576K
}
Event: 0.552 GC heap after
{Heap after GC invocations=1 (full 0):
 garbage-first heap   total 131072K, used 3868K [0x0000000081e00000, 0x0000000100000000)
  region size 1024K, 2 young (2048K), 2 survivors (2048K)
 Metaspace       used 4246K, committed 4480K, reserved 1114112K
  class space    used 465K, committed 576K, reserved 1048576K
}
Event: 0.886 GC heap before
{Heap before GC invocations=1 (full 0):
 garbage-first heap   total 131072K, used 16156K [0x0000000081e00000, 0x0000000100000000)
  region size 1024K, 14 young (14336K), 2 survivors (2048K)
 Metaspace       used 7594K, committed 7808K, reserved 1114112K
  class space    used 908K, committed 1024K, reserved 1048576K
}
Event: 0.891 GC heap after
{Heap after GC invocations=2 (full 0):
 garbage-first heap   total 131072K, used 4855K [0x0000000081e00000, 0x0000000100000000)
  region size 1024K, 2 young (2048K), 2 survivors (2048K)
 Metaspace       used 7594K, committed 7808K, reserved 1114112K
  class space    used 908K, committed 1024K, reserved 1048576K
}
Event: 1.283 GC heap before
{Heap before GC invocations=2 (full 0):
 garbage-first heap   total 131072K, used 30455K [0x0000000081e00000, 0x0000000100000000)
  region size 1024K, 28 young (28672K), 2 survivors (2048K)
 Metaspace       used 14643K, committed 14912K, reserved 1114112K
  class space    used 1743K, committed 1856K, reserved 1048576K
}
Event: 1.287 GC heap after
{Heap after GC invocations=3 (full 0):
 garbage-first heap   total 131072K, used 6999K [0x0000000081e00000, 0x0000000100000000)
  region size 1024K, 4 young (4096K), 4 survivors (4096K)
 Metaspace       used 14643K, committed 14912K, reserved 1114112K
  class space    used 1743K, committed 1856K, reserved 1048576K
}
Event: 2.328 GC heap before
{Heap before GC invocations=3 (full 0):
 garbage-first heap   total 131072K, used 42839K [0x0000000081e00000, 0x0000000100000000)
  region size 1024K, 40 young (40960K), 4 survivors (4096K)
 Metaspace       used 21144K, committed 21504K, reserved 1114112K
  class space    used 2559K, committed 2752K, reserved 1048576K
}
Event: 2.338 GC heap after
{Heap after GC invocations=4 (full 0):
 garbage-first heap   total 131072K, used 10564K [0x0000000081e00000, 0x0000000100000000)
  region size 1024K, 7 young (7168K), 7 survivors (7168K)
 Metaspace       used 21144K, committed 21504K, reserved 1114112K
  class space    used 2559K, committed 2752K, reserved 1048576K
}
Event: 3.037 GC heap before
{Heap before GC invocations=5 (full 0):
 garbage-first heap   total 40960K, used 27972K [0x0000000081e00000, 0x0000000100000000)
  region size 1024K, 24 young (24576K), 7 survivors (7168K)
 Metaspace       used 24987K, committed 25408K, reserved 1114112K
  class space    used 3054K, committed 3264K, reserved 1048576K
}
Event: 3.047 GC heap after
{Heap after GC invocations=6 (full 0):
 garbage-first heap   total 40960K, used 12027K [0x0000000081e00000, 0x0000000100000000)
  region size 1024K, 2 young (2048K), 2 survivors (2048K)
 Metaspace       used 24987K, committed 25408K, reserved 1114112K
  class space    used 3054K, committed 3264K, reserved 1048576K
}
Event: 3.072 GC heap before
{Heap before GC invocations=6 (full 0):
 garbage-first heap   total 40960K, used 13051K [0x0000000081e00000, 0x0000000100000000)
  region size 1024K, 3 young (3072K), 2 survivors (2048K)
 Metaspace       used 25090K, committed 25600K, reserved 1114112K
  class space    used 3070K, committed 3328K, reserved 1048576K
}
Event: 3.077 GC heap after
{Heap after GC invocations=7 (full 0):
 garbage-first heap   total 40960K, used 12566K [0x0000000081e00000, 0x0000000100000000)
  region size 1024K, 1 young (1024K), 1 survivors (1024K)
 Metaspace       used 25090K, committed 25600K, reserved 1114112K
  class space    used 3070K, committed 3328K, reserved 1048576K
}
Event: 3.532 GC heap before
{Heap before GC invocations=7 (full 0):
 garbage-first heap   total 40960K, used 26902K [0x0000000081e00000, 0x0000000100000000)
  region size 1024K, 16 young (16384K), 1 survivors (1024K)
 Metaspace       used 27723K, committed 28224K, reserved 1114112K
  class space    used 3416K, committed 3648K, reserved 1048576K
}
Event: 3.536 GC heap after
{Heap after GC invocations=8 (full 0):
 garbage-first heap   total 63488K, used 14142K [0x0000000081e00000, 0x0000000100000000)
  region size 1024K, 2 young (2048K), 2 survivors (2048K)
 Metaspace       used 27723K, committed 28224K, reserved 1114112K
  class space    used 3416K, committed 3648K, reserved 1048576K
}

